*** Using Compiler 'V5.06 update 7 (build 960)', folder: 'D:\Keil_v5\ARM\ARM_Compiler_5.06u7\Bin'
Rebuild target 'Target 1'
assembling startup_stm32f40_41xxx.s...
compiling misc.c...
compiling stm32f4xx_cryp.c...
compiling stm32f4xx_adc.c...
compiling stm32f4xx_exti.c...
compiling stm32f4xx_dma.c...
compiling stm32f4xx_crc.c...
compiling stm32f4xx_can.c...
compiling stm32f4xx_cryp_des.c...
compiling stm32f4xx_dbgmcu.c...
compiling stm32f4xx_cryp_tdes.c...
compiling stm32f4xx_dac.c...
compiling stm32f4xx_dcmi.c...
compiling stm32f4xx_flash.c...
compiling stm32f4xx_dma2d.c...
compiling stm32f4xx_cryp_aes.c...
compiling stm32f4xx_flash_ramfunc.c...
compiling stm32f4xx_gpio.c...
compiling stm32f4xx_fsmc.c...
compiling stm32f4xx_hash_md5.c...
compiling stm32f4xx_i2c.c...
compiling stm32f4xx_iwdg.c...
compiling stm32f4xx_hash.c...
compiling stm32f4xx_rng.c...
compiling stm32f4xx_ltdc.c...
compiling stm32f4xx_pwr.c...
compiling stm32f4xx_hash_sha1.c...
compiling stm32f4xx_spi.c...
compiling stm32f4xx_sai.c...
compiling stm32f4xx_sdio.c...
compiling stm32f4xx_rcc.c...
compiling stm32f4xx_rtc.c...
compiling stm32f4xx_syscfg.c...
compiling stm32f4xx_tim.c...
compiling results_holder.c...
compiling eMPL_outputs.c...
compiling storage_manager.c...
compiling stm32f4xx_usart.c...
compiling mlmath.c...
compiling start_manager.c...
compiling mpl.c...
compiling message_layer.c...
compiling hal_outputs.c...
compiling ml_math_func.c...
compiling data_builder.c...
compiling stm32f4xx_wwdg.c...
compiling inv_mpu_dmp_motion_driver.c...
compiling log_stm32.c...
compiling Filter.c...
compiling inv_mpu.c...
compiling Delay.c...
compiling Laser.c...
compiling sys.c...
compiling Uart5_DMA.c...
compiling RS485.c...
compiling Usart2_DMA.c...
compiling Usart1_DMA.c...
compiling Usart.c...
compiling Usart3_DMA.c...
compiling Uart4_DMA.c...
compiling Timer.c...
compiling Test.c...
compiling OLEDmenu.c...
compiling PID.c...
compiling Parameter.c...
compiling KEY.c...
compiling GPIO.c...
compiling UPmenu.c...
compiling EXTI.c...
compiling OLED.c...
compiling Encoder.c...
compiling FreeTimer.c...
compiling Drv8825.c...
compiling SPI3.c...
compiling Ultrasonic.c...
compiling Steer.c...
compiling Motor.c...
compiling NRF24L01.c...
compiling AT24CXX.c...
compiling EEPROM_IIC.c...
compiling ADC.c...
compiling stm32f4xx_it.c...
compiling system_stm32f4xx.c...
compiling DAC.c...
compiling I2C.c...
compiling OpenMV.c...
compiling MPU9250.c...
compiling Step.c...
compiling XunJi.c...
compiling GWKJ.c...
compiling main.c...
compiling IMU.c...
linking...
Program Size: Code=77032 RO-data=10928 RW-data=908 ZI-data=10020  
FromELF: creating hex file...
".\Objects\Project.axf" - 0 Error(s), 0 Warning(s).
Build Time Elapsed:  00:00:11
