*** Using Compiler 'V5.06 update 7 (build 960)', folder: 'D:\Keil_v5\ARM\ARM_Compiler_5.06u7\Bin'
Rebuild target 'Target 1'
compiling Filter.c...
compiling stm32f4xx_it.c...
compiling Timer.c...
compiling OLEDmenu.c...
compiling system_stm32f4xx.c...
compiling main.c...
compiling FreeTimer.c...
compiling GPIO.c...
compiling UPmenu.c...
compiling EXTI.c...
compiling KEY.c...
compiling Test.c...
compiling Parameter.c...
compiling OLED.c...
compiling PID.c...
compiling Motor.c...
compiling Encoder.c...
compiling Steer.c...
compiling NRF24L01.c...
compiling Ultrasonic.c...
compiling Drv8825.c...
compiling SPI3.c...
compiling EEPROM_IIC.c...
compiling DAC.c...
compiling ADC.c...
compiling Step.c...
compiling MPU9250.c...
compiling OpenMV.c...
compiling AT24CXX.c...
compiling I2C.c...
compiling IMU.c...
compiling GWKJ.c...
compiling Delay.c...
System\Delay\Delay.c(6): warning:  #550-D: variable "fac_ms"  was set but never used
  static u16 fac_ms=0;
System\Delay\Delay.c: 1 warning, 0 errors
compiling XunJi.c...
compiling sys.c...
compiling Usart.c...
compiling Laser.c...
compiling RS485.c...
compiling Usart1_DMA.c...
compiling Usart2_DMA.c...
compiling stm32f4xx_crc.c...
compiling stm32f4xx_adc.c...
compiling stm32f4xx_can.c...
compiling misc.c...
compiling Usart3_DMA.c...
compiling stm32f4xx_cryp.c...
compiling Uart5_DMA.c...
compiling Uart4_DMA.c...
compiling stm32f4xx_cryp_des.c...
compiling stm32f4xx_cryp_aes.c...
compiling stm32f4xx_cryp_tdes.c...
compiling stm32f4xx_dbgmcu.c...
compiling stm32f4xx_dac.c...
compiling stm32f4xx_dcmi.c...
compiling stm32f4xx_dma2d.c...
compiling stm32f4xx_flash.c...
compiling stm32f4xx_flash_ramfunc.c...
compiling stm32f4xx_dma.c...
compiling stm32f4xx_hash.c...
compiling stm32f4xx_fsmc.c...
compiling stm32f4xx_exti.c...
compiling stm32f4xx_gpio.c...
compiling stm32f4xx_hash_md5.c...
compiling stm32f4xx_hash_sha1.c...
compiling stm32f4xx_i2c.c...
compiling stm32f4xx_iwdg.c...
compiling stm32f4xx_ltdc.c...
compiling stm32f4xx_pwr.c...
compiling stm32f4xx_rng.c...
compiling stm32f4xx_rcc.c...
assembling startup_stm32f40_41xxx.s...
compiling eMPL_outputs.c...
compiling start_manager.c...
compiling stm32f4xx_spi.c...
compiling results_holder.c...
compiling stm32f4xx_rtc.c...
compiling storage_manager.c...
compiling stm32f4xx_sai.c...
compiling stm32f4xx_sdio.c...
compiling stm32f4xx_tim.c...
compiling ml_math_func.c...
compiling stm32f4xx_syscfg.c...
compiling stm32f4xx_usart.c...
compiling stm32f4xx_wwdg.c...
compiling mlmath.c...
compiling log_stm32.c...
compiling mpl.c...
compiling inv_mpu_dmp_motion_driver.c...
compiling message_layer.c...
compiling data_builder.c...
compiling hal_outputs.c...
compiling inv_mpu.c...
Hardware\DMP\driver\eMPL\inv_mpu.c(3699): warning:  #177-D: variable "timestamp"  was declared but never referenced
  	unsigned long sensor_timestamp,timestamp,sampleFreq=66.6,halfT=33.3;
Hardware\DMP\driver\eMPL\inv_mpu.c(3702): warning:  #177-D: variable "temperature"  was declared but never referenced
  	long compass[3],accel[3],quat[4],temperature; 
Hardware\DMP\driver\eMPL\inv_mpu.c: 2 warnings, 0 errors
linking...
Program Size: Code=77056 RO-data=10928 RW-data=908 ZI-data=10020  
FromELF: creating hex file...
".\Objects\Project.axf" - 0 Error(s), 3 Warning(s).
Build Time Elapsed:  00:00:17
